This file contains any messages produced by compilers while
running configure, to aid debugging if configure makes a mistake.

It was created by clamsmtp configure 1.10, which was
generated by GNU Autoconf 2.61.  Invocation command line was

  $ ./configure 

## --------- ##
## Platform. ##
## --------- ##

hostname = Kira
uname -m = x86_64
uname -r = 3.16.0-18-generic
uname -s = Linux
uname -v = #25-Ubuntu SMP Fri Sep 26 02:44:15 UTC 2014

/usr/bin/uname -p = unknown
/bin/uname -X     = unknown

/bin/arch              = unknown
/usr/bin/arch -k       = unknown
/usr/convex/getsysinfo = unknown
/usr/bin/hostinfo      = unknown
/bin/machine           = unknown
/usr/bin/oslevel       = unknown
/bin/universe          = unknown

PATH: /home/aure/bin
PATH: /home/aure/bin
PATH: /usr/bin
PATH: /home/aure/bin
PATH: /usr/local/sbin
PATH: /usr/local/bin
PATH: /usr/sbin
PATH: /usr/bin
PATH: /sbin
PATH: /bin
PATH: /usr/games
PATH: /usr/local/games
PATH: /opt/bin
PATH: /opt/bin


## ----------- ##
## Core tests. ##
## ----------- ##

configure:1792: checking for a BSD-compatible install
configure:1848: result: /usr/bin/install -c
configure:1859: checking whether build environment is sane
configure:1902: result: yes
configure:1930: checking for a thread-safe mkdir -p
configure:1969: result: /bin/mkdir -p
configure:1982: checking for gawk
configure:1998: found /usr/bin/gawk
configure:2009: result: gawk
configure:2020: checking whether make sets $(MAKE)
configure:2041: result: yes
configure:2286: checking for gcc
configure:2302: found /usr/bin/gcc
configure:2313: result: gcc
configure:2551: checking for C compiler version
configure:2558: gcc --version >&5
gcc (Ubuntu 4.9.1-16ubuntu6) 4.9.1
Copyright (C) 2014 Free Software Foundation, Inc.
This is free software; see the source for copying conditions.  There is NO
warranty; not even for MERCHANTABILITY or FITNESS FOR A PARTICULAR PURPOSE.

configure:2561: $? = 0
configure:2568: gcc -v >&5
Using built-in specs.
COLLECT_GCC=gcc
COLLECT_LTO_WRAPPER=/usr/lib/gcc/x86_64-linux-gnu/4.9/lto-wrapper
Target: x86_64-linux-gnu
Configured with: ../src/configure -v --with-pkgversion='Ubuntu 4.9.1-16ubuntu6' --with-bugurl=file:///usr/share/doc/gcc-4.9/README.Bugs --enable-languages=c,c++,java,go,d,fortran,objc,obj-c++ --prefix=/usr --program-suffix=-4.9 --enable-shared --enable-linker-build-id --libexecdir=/usr/lib --without-included-gettext --enable-threads=posix --with-gxx-include-dir=/usr/include/c++/4.9 --libdir=/usr/lib --enable-nls --with-sysroot=/ --enable-clocale=gnu --enable-libstdcxx-debug --enable-libstdcxx-time=yes --enable-gnu-unique-object --disable-vtable-verify --enable-plugin --with-system-zlib --disable-browser-plugin --enable-java-awt=gtk --enable-gtk-cairo --with-java-home=/usr/lib/jvm/java-1.5.0-gcj-4.9-amd64/jre --enable-java-home --with-jvm-root-dir=/usr/lib/jvm/java-1.5.0-gcj-4.9-amd64 --with-jvm-jar-dir=/usr/lib/jvm-exports/java-1.5.0-gcj-4.9-amd64 --with-arch-directory=amd64 --with-ecj-jar=/usr/share/java/eclipse-ecj.jar --enable-objc-gc --enable-multiarch --disable-werror --with-arch-32=i686 --with-abi=m64 --with-multilib-list=m32,m64,mx32 --enable-multilib --with-tune=generic --enable-checking=release --build=x86_64-linux-gnu --host=x86_64-linux-gnu --target=x86_64-linux-gnu
Thread model: posix
gcc version 4.9.1 (Ubuntu 4.9.1-16ubuntu6) 
configure:2571: $? = 0
configure:2578: gcc -V >&5
gcc: error: unrecognized command line option '-V'
gcc: fatal error: no input files
compilation terminated.
configure:2581: $? = 4
configure:2604: checking for C compiler default output file name
configure:2631: gcc  -I/usr/local/include   -L/usr/local/lib conftest.c  >&5
configure:2634: $? = 0
configure:2672: result: a.out
configure:2689: checking whether the C compiler works
configure:2699: ./a.out
configure:2702: $? = 0
configure:2719: result: yes
configure:2726: checking whether we are cross compiling
configure:2728: result: no
configure:2731: checking for suffix of executables
configure:2738: gcc -o conftest  -I/usr/local/include   -L/usr/local/lib conftest.c  >&5
configure:2741: $? = 0
configure:2765: result: 
configure:2771: checking for suffix of object files
configure:2797: gcc -c  -I/usr/local/include  conftest.c >&5
configure:2800: $? = 0
configure:2823: result: o
configure:2827: checking whether we are using the GNU C compiler
configure:2856: gcc -c  -I/usr/local/include  conftest.c >&5
configure:2862: $? = 0
configure:2879: result: yes
configure:2884: checking whether gcc accepts -g
configure:2914: gcc -c -g  conftest.c >&5
configure:2920: $? = 0
configure:3019: result: yes
configure:3036: checking for gcc option to accept ISO C89
configure:3110: gcc  -c  -I/usr/local/include  conftest.c >&5
configure:3116: $? = 0
configure:3139: result: none needed
configure:3168: checking for style of include used by make
configure:3196: result: GNU
configure:3221: checking dependency style of gcc
configure:3312: result: gcc3
configure:3340: checking for a BSD-compatible install
configure:3396: result: /usr/bin/install -c
configure:3407: checking whether ln -s works
configure:3411: result: yes
configure:3418: checking whether make sets $(MAKE)
configure:3439: result: yes
configure:3473: checking build system type
configure:3491: result: x86_64-unknown-linux-gnu
configure:3513: checking host system type
configure:3528: result: x86_64-unknown-linux-gnu
configure:3742: checking for the pthreads library -lpthreads
configure:3785: gcc -o conftest  -I/usr/local/include    -L/usr/local/lib conftest.c -lpthreads  >&5
conftest.c: In function 'main':
conftest.c:15:22: warning: null argument where non-null required (argument 1) [-Wnonnull]
                      pthread_attr_init(0); pthread_cleanup_push(0, 0);
                      ^
conftest.c:16:22: warning: null argument where non-null required (argument 1) [-Wnonnull]
                      pthread_create(0,0,0,0); pthread_cleanup_pop(0);
                      ^
conftest.c:16:22: warning: null argument where non-null required (argument 3) [-Wnonnull]
/usr/bin/ld: cannot find -lpthreads
collect2: error: ld returned 1 exit status
configure:3791: $? = 1
configure: failed program was:
| /* confdefs.h.  */
| #define PACKAGE_NAME "clamsmtp"
| #define PACKAGE_TARNAME "clamsmtp"
| #define PACKAGE_VERSION "1.10"
| #define PACKAGE_STRING "clamsmtp 1.10"
| #define PACKAGE_BUGREPORT "stef@memberwebs.com"
| #define PACKAGE "clamsmtp"
| #define VERSION "1.10"
| /* end confdefs.h.  */
| #include <pthread.h>
| int
| main ()
| {
| pthread_t th; pthread_join(th, 0);
|                      pthread_attr_init(0); pthread_cleanup_push(0, 0);
|                      pthread_create(0,0,0,0); pthread_cleanup_pop(0);
|   ;
|   return 0;
| }
configure:3811: result: no
configure:3687: checking whether pthreads work without any flags
configure:3785: gcc -o conftest  -I/usr/local/include    -L/usr/local/lib conftest.c   >&5
conftest.c: In function 'main':
conftest.c:15:22: warning: null argument where non-null required (argument 1) [-Wnonnull]
                      pthread_attr_init(0); pthread_cleanup_push(0, 0);
                      ^
conftest.c:16:22: warning: null argument where non-null required (argument 1) [-Wnonnull]
                      pthread_create(0,0,0,0); pthread_cleanup_pop(0);
                      ^
conftest.c:16:22: warning: null argument where non-null required (argument 3) [-Wnonnull]
/tmp/ccD38Ky4.o: In function `main':
conftest.c:(.text+0x27): undefined reference to `pthread_join'
conftest.c:(.text+0x90): undefined reference to `__pthread_register_cancel'
conftest.c:(.text+0xa9): undefined reference to `pthread_create'
conftest.c:(.text+0xb5): undefined reference to `__pthread_unregister_cancel'
collect2: error: ld returned 1 exit status
configure:3791: $? = 1
configure: failed program was:
| /* confdefs.h.  */
| #define PACKAGE_NAME "clamsmtp"
| #define PACKAGE_TARNAME "clamsmtp"
| #define PACKAGE_VERSION "1.10"
| #define PACKAGE_STRING "clamsmtp 1.10"
| #define PACKAGE_BUGREPORT "stef@memberwebs.com"
| #define PACKAGE "clamsmtp"
| #define VERSION "1.10"
| /* end confdefs.h.  */
| #include <pthread.h>
| int
| main ()
| {
| pthread_t th; pthread_join(th, 0);
|                      pthread_attr_init(0); pthread_cleanup_push(0, 0);
|                      pthread_create(0,0,0,0); pthread_cleanup_pop(0);
|   ;
|   return 0;
| }
configure:3811: result: no
configure:3692: checking whether pthreads work with -Kthread
configure:3785: gcc -o conftest  -I/usr/local/include -Kthread   -L/usr/local/lib conftest.c   >&5
gcc: error: unrecognized command line option '-Kthread'
configure:3791: $? = 1
configure: failed program was:
| /* confdefs.h.  */
| #define PACKAGE_NAME "clamsmtp"
| #define PACKAGE_TARNAME "clamsmtp"
| #define PACKAGE_VERSION "1.10"
| #define PACKAGE_STRING "clamsmtp 1.10"
| #define PACKAGE_BUGREPORT "stef@memberwebs.com"
| #define PACKAGE "clamsmtp"
| #define VERSION "1.10"
| /* end confdefs.h.  */
| #include <pthread.h>
| int
| main ()
| {
| pthread_t th; pthread_join(th, 0);
|                      pthread_attr_init(0); pthread_cleanup_push(0, 0);
|                      pthread_create(0,0,0,0); pthread_cleanup_pop(0);
|   ;
|   return 0;
| }
configure:3811: result: no
configure:3692: checking whether pthreads work with -kthread
configure:3785: gcc -o conftest  -I/usr/local/include -kthread   -L/usr/local/lib conftest.c   >&5
gcc: error: unrecognized command line option '-kthread'
configure:3791: $? = 1
configure: failed program was:
| /* confdefs.h.  */
| #define PACKAGE_NAME "clamsmtp"
| #define PACKAGE_TARNAME "clamsmtp"
| #define PACKAGE_VERSION "1.10"
| #define PACKAGE_STRING "clamsmtp 1.10"
| #define PACKAGE_BUGREPORT "stef@memberwebs.com"
| #define PACKAGE "clamsmtp"
| #define VERSION "1.10"
| /* end confdefs.h.  */
| #include <pthread.h>
| int
| main ()
| {
| pthread_t th; pthread_join(th, 0);
|                      pthread_attr_init(0); pthread_cleanup_push(0, 0);
|                      pthread_create(0,0,0,0); pthread_cleanup_pop(0);
|   ;
|   return 0;
| }
configure:3811: result: no
configure:3742: checking for the pthreads library -llthread
configure:3785: gcc -o conftest  -I/usr/local/include    -L/usr/local/lib conftest.c -llthread  >&5
conftest.c: In function 'main':
conftest.c:15:22: warning: null argument where non-null required (argument 1) [-Wnonnull]
                      pthread_attr_init(0); pthread_cleanup_push(0, 0);
                      ^
conftest.c:16:22: warning: null argument where non-null required (argument 1) [-Wnonnull]
                      pthread_create(0,0,0,0); pthread_cleanup_pop(0);
                      ^
conftest.c:16:22: warning: null argument where non-null required (argument 3) [-Wnonnull]
/usr/bin/ld: cannot find -llthread
collect2: error: ld returned 1 exit status
configure:3791: $? = 1
configure: failed program was:
| /* confdefs.h.  */
| #define PACKAGE_NAME "clamsmtp"
| #define PACKAGE_TARNAME "clamsmtp"
| #define PACKAGE_VERSION "1.10"
| #define PACKAGE_STRING "clamsmtp 1.10"
| #define PACKAGE_BUGREPORT "stef@memberwebs.com"
| #define PACKAGE "clamsmtp"
| #define VERSION "1.10"
| /* end confdefs.h.  */
| #include <pthread.h>
| int
| main ()
| {
| pthread_t th; pthread_join(th, 0);
|                      pthread_attr_init(0); pthread_cleanup_push(0, 0);
|                      pthread_create(0,0,0,0); pthread_cleanup_pop(0);
|   ;
|   return 0;
| }
configure:3811: result: no
configure:3692: checking whether pthreads work with -pthread
configure:3785: gcc -o conftest  -I/usr/local/include -pthread   -L/usr/local/lib conftest.c   >&5
conftest.c: In function 'main':
conftest.c:15:22: warning: null argument where non-null required (argument 1) [-Wnonnull]
                      pthread_attr_init(0); pthread_cleanup_push(0, 0);
                      ^
conftest.c:16:22: warning: null argument where non-null required (argument 1) [-Wnonnull]
                      pthread_create(0,0,0,0); pthread_cleanup_pop(0);
                      ^
conftest.c:16:22: warning: null argument where non-null required (argument 3) [-Wnonnull]
configure:3791: $? = 0
configure:3811: result: yes
configure:3831: checking for joinable pthread attribute
configure:3854: gcc -o conftest  -I/usr/local/include -pthread   -L/usr/local/lib conftest.c   >&5
configure:3860: $? = 0
configure:3928: result: PTHREAD_CREATE_JOINABLE
configure:3935: checking if more special flags are required for pthreads
configure:3942: result: no
configure:3954: checking for cc_r
configure:3982: result: gcc
configure:4023: checking for getsockname in -lsocket
configure:4058: gcc -o conftest  -I/usr/local/include -pthread -D_POSIX_PTHREAD_SEMANTICS   -L/usr/local/lib conftest.c -lsocket    >&5
/usr/bin/ld: cannot find -lsocket
collect2: error: ld returned 1 exit status
configure:4064: $? = 1
configure: failed program was:
| /* confdefs.h.  */
| #define PACKAGE_NAME "clamsmtp"
| #define PACKAGE_TARNAME "clamsmtp"
| #define PACKAGE_VERSION "1.10"
| #define PACKAGE_STRING "clamsmtp 1.10"
| #define PACKAGE_BUGREPORT "stef@memberwebs.com"
| #define PACKAGE "clamsmtp"
| #define VERSION "1.10"
| #define HAVE_PTHREAD 1
| /* end confdefs.h.  */
| 
| /* Override any GCC internal prototype to avoid an error.
|    Use char because int might match the return type of a GCC
|    builtin and then its argument prototype would still apply.  */
| #ifdef __cplusplus
| extern "C"
| #endif
| char getsockname ();
| int
| main ()
| {
| return getsockname ();
|   ;
|   return 0;
| }
configure:4082: result: no
configure:4094: checking for getaddrinfo in -lnsl
configure:4129: gcc -o conftest  -I/usr/local/include -pthread -D_POSIX_PTHREAD_SEMANTICS   -L/usr/local/lib conftest.c -lnsl    >&5
configure:4135: $? = 0
configure:4153: result: yes
configure:4171: checking how to run the C preprocessor
configure:4211: gcc -E  conftest.c
configure:4217: $? = 0
configure:4248: gcc -E  conftest.c
conftest.c:12:28: fatal error: ac_nonexistent.h: No such file or directory
 #include <ac_nonexistent.h>
                            ^
compilation terminated.
configure:4254: $? = 1
configure: failed program was:
| /* confdefs.h.  */
| #define PACKAGE_NAME "clamsmtp"
| #define PACKAGE_TARNAME "clamsmtp"
| #define PACKAGE_VERSION "1.10"
| #define PACKAGE_STRING "clamsmtp 1.10"
| #define PACKAGE_BUGREPORT "stef@memberwebs.com"
| #define PACKAGE "clamsmtp"
| #define VERSION "1.10"
| #define HAVE_PTHREAD 1
| #define HAVE_LIBNSL 1
| /* end confdefs.h.  */
| #include <ac_nonexistent.h>
configure:4287: result: gcc -E
configure:4316: gcc -E  conftest.c
configure:4322: $? = 0
configure:4353: gcc -E  conftest.c
conftest.c:12:28: fatal error: ac_nonexistent.h: No such file or directory
 #include <ac_nonexistent.h>
                            ^
compilation terminated.
configure:4359: $? = 1
configure: failed program was:
| /* confdefs.h.  */
| #define PACKAGE_NAME "clamsmtp"
| #define PACKAGE_TARNAME "clamsmtp"
| #define PACKAGE_VERSION "1.10"
| #define PACKAGE_STRING "clamsmtp 1.10"
| #define PACKAGE_BUGREPORT "stef@memberwebs.com"
| #define PACKAGE "clamsmtp"
| #define VERSION "1.10"
| #define HAVE_PTHREAD 1
| #define HAVE_LIBNSL 1
| /* end confdefs.h.  */
| #include <ac_nonexistent.h>
configure:4397: checking for grep that handles long lines and -e
configure:4471: result: /bin/grep
configure:4476: checking for egrep
configure:4554: result: /bin/grep -E
configure:4559: checking for ANSI C header files
configure:4589: gcc -c  -I/usr/local/include -pthread -D_POSIX_PTHREAD_SEMANTICS  conftest.c >&5
configure:4595: $? = 0
configure:4694: gcc -o conftest  -I/usr/local/include -pthread -D_POSIX_PTHREAD_SEMANTICS   -L/usr/local/lib conftest.c -lnsl   >&5
configure:4697: $? = 0
configure:4703: ./conftest
configure:4706: $? = 0
configure:4723: result: yes
configure:4747: checking for sys/types.h
configure:4768: gcc -c  -I/usr/local/include -pthread -D_POSIX_PTHREAD_SEMANTICS  conftest.c >&5
configure:4774: $? = 0
configure:4790: result: yes
configure:4747: checking for sys/stat.h
configure:4768: gcc -c  -I/usr/local/include -pthread -D_POSIX_PTHREAD_SEMANTICS  conftest.c >&5
configure:4774: $? = 0
configure:4790: result: yes
configure:4747: checking for stdlib.h
configure:4768: gcc -c  -I/usr/local/include -pthread -D_POSIX_PTHREAD_SEMANTICS  conftest.c >&5
configure:4774: $? = 0
configure:4790: result: yes
configure:4747: checking for string.h
configure:4768: gcc -c  -I/usr/local/include -pthread -D_POSIX_PTHREAD_SEMANTICS  conftest.c >&5
configure:4774: $? = 0
configure:4790: result: yes
configure:4747: checking for memory.h
configure:4768: gcc -c  -I/usr/local/include -pthread -D_POSIX_PTHREAD_SEMANTICS  conftest.c >&5
configure:4774: $? = 0
configure:4790: result: yes
configure:4747: checking for strings.h
configure:4768: gcc -c  -I/usr/local/include -pthread -D_POSIX_PTHREAD_SEMANTICS  conftest.c >&5
configure:4774: $? = 0
configure:4790: result: yes
configure:4747: checking for inttypes.h
configure:4768: gcc -c  -I/usr/local/include -pthread -D_POSIX_PTHREAD_SEMANTICS  conftest.c >&5
configure:4774: $? = 0
configure:4790: result: yes
configure:4747: checking for stdint.h
configure:4768: gcc -c  -I/usr/local/include -pthread -D_POSIX_PTHREAD_SEMANTICS  conftest.c >&5
configure:4774: $? = 0
configure:4790: result: yes
configure:4747: checking for unistd.h
configure:4768: gcc -c  -I/usr/local/include -pthread -D_POSIX_PTHREAD_SEMANTICS  conftest.c >&5
configure:4774: $? = 0
configure:4790: result: yes
configure:4819: checking limits.h usability
configure:4836: gcc -c  -I/usr/local/include -pthread -D_POSIX_PTHREAD_SEMANTICS  conftest.c >&5
configure:4842: $? = 0
configure:4856: result: yes
configure:4860: checking limits.h presence
configure:4875: gcc -E  conftest.c
configure:4881: $? = 0
configure:4895: result: yes
configure:4928: checking for limits.h
configure:4936: result: yes
configure:4819: checking err.h usability
configure:4836: gcc -c  -I/usr/local/include -pthread -D_POSIX_PTHREAD_SEMANTICS  conftest.c >&5
configure:4842: $? = 0
configure:4856: result: yes
configure:4860: checking err.h presence
configure:4875: gcc -E  conftest.c
configure:4881: $? = 0
configure:4895: result: yes
configure:4928: checking for err.h
configure:4936: result: yes
configure:4819: checking paths.h usability
configure:4836: gcc -c  -I/usr/local/include -pthread -D_POSIX_PTHREAD_SEMANTICS  conftest.c >&5
configure:4842: $? = 0
configure:4856: result: yes
configure:4860: checking paths.h presence
configure:4875: gcc -E  conftest.c
configure:4881: $? = 0
configure:4895: result: yes
configure:4928: checking for paths.h
configure:4936: result: yes
configure:4963: checking for unistd.h
configure:4969: result: yes
configure:4973: checking stdio.h usability
configure:4990: gcc -c  -I/usr/local/include -pthread -D_POSIX_PTHREAD_SEMANTICS  conftest.c >&5
configure:4996: $? = 0
configure:5010: result: yes
configure:5014: checking stdio.h presence
configure:5029: gcc -E  conftest.c
configure:5035: $? = 0
configure:5049: result: yes
configure:5082: checking for stdio.h
configure:5090: result: yes
configure:4973: checking stddef.h usability
configure:4990: gcc -c  -I/usr/local/include -pthread -D_POSIX_PTHREAD_SEMANTICS  conftest.c >&5
configure:4996: $? = 0
configure:5010: result: yes
configure:5014: checking stddef.h presence
configure:5029: gcc -E  conftest.c
configure:5035: $? = 0
configure:5049: result: yes
configure:5082: checking for stddef.h
configure:5090: result: yes
configure:4973: checking fcntl.h usability
configure:4990: gcc -c  -I/usr/local/include -pthread -D_POSIX_PTHREAD_SEMANTICS  conftest.c >&5
configure:4996: $? = 0
configure:5010: result: yes
configure:5014: checking fcntl.h presence
configure:5029: gcc -E  conftest.c
configure:5035: $? = 0
configure:5049: result: yes
configure:5082: checking for fcntl.h
configure:5090: result: yes
configure:4963: checking for stdlib.h
configure:4969: result: yes
configure:4973: checking assert.h usability
configure:4990: gcc -c  -I/usr/local/include -pthread -D_POSIX_PTHREAD_SEMANTICS  conftest.c >&5
configure:4996: $? = 0
configure:5010: result: yes
configure:5014: checking assert.h presence
configure:5029: gcc -E  conftest.c
configure:5035: $? = 0
configure:5049: result: yes
configure:5082: checking for assert.h
configure:5090: result: yes
configure:4973: checking errno.h usability
configure:4990: gcc -c  -I/usr/local/include -pthread -D_POSIX_PTHREAD_SEMANTICS  conftest.c >&5
configure:4996: $? = 0
configure:5010: result: yes
configure:5014: checking errno.h presence
configure:5029: gcc -E  conftest.c
configure:5035: $? = 0
configure:5049: result: yes
configure:5082: checking for errno.h
configure:5090: result: yes
configure:4973: checking stdarg.h usability
configure:4990: gcc -c  -I/usr/local/include -pthread -D_POSIX_PTHREAD_SEMANTICS  conftest.c >&5
configure:4996: $? = 0
configure:5010: result: yes
configure:5014: checking stdarg.h presence
configure:5029: gcc -E  conftest.c
configure:5035: $? = 0
configure:5049: result: yes
configure:5082: checking for stdarg.h
configure:5090: result: yes
configure:4963: checking for string.h
configure:4969: result: yes
configure:4973: checking netdb.h usability
configure:4990: gcc -c  -I/usr/local/include -pthread -D_POSIX_PTHREAD_SEMANTICS  conftest.c >&5
configure:4996: $? = 0
configure:5010: result: yes
configure:5014: checking netdb.h presence
configure:5029: gcc -E  conftest.c
configure:5035: $? = 0
configure:5049: result: yes
configure:5082: checking for netdb.h
configure:5090: result: yes
configure:5111: checking for linux/netfilter_ipv4.h
configure:5136: gcc -c  -I/usr/local/include -pthread -D_POSIX_PTHREAD_SEMANTICS  conftest.c >&5
In file included from /usr/include/linux/netfilter.h:6:0,
                 from /usr/include/linux/netfilter_ipv4.h:8,
                 from conftest.c:41:
/usr/include/linux/sysctl.h:40:2: error: unknown type name 'size_t'
  size_t *oldlenp;
  ^
/usr/include/linux/sysctl.h:42:2: error: unknown type name 'size_t'
  size_t newlen;
  ^
In file included from /usr/include/linux/netfilter_ipv4.h:8:0,
                 from conftest.c:41:
/usr/include/linux/netfilter.h:67:17: error: field 'in' has incomplete type
  struct in_addr in;
                 ^
/usr/include/linux/netfilter.h:68:18: error: field 'in6' has incomplete type
  struct in6_addr in6;
                  ^
configure:5142: $? = 1
configure: failed program was:
| /* confdefs.h.  */
| #define PACKAGE_NAME "clamsmtp"
| #define PACKAGE_TARNAME "clamsmtp"
| #define PACKAGE_VERSION "1.10"
| #define PACKAGE_STRING "clamsmtp 1.10"
| #define PACKAGE_BUGREPORT "stef@memberwebs.com"
| #define PACKAGE "clamsmtp"
| #define VERSION "1.10"
| #define HAVE_PTHREAD 1
| #define HAVE_LIBNSL 1
| #define STDC_HEADERS 1
| #define HAVE_SYS_TYPES_H 1
| #define HAVE_SYS_STAT_H 1
| #define HAVE_STDLIB_H 1
| #define HAVE_STRING_H 1
| #define HAVE_MEMORY_H 1
| #define HAVE_STRINGS_H 1
| #define HAVE_INTTYPES_H 1
| #define HAVE_STDINT_H 1
| #define HAVE_UNISTD_H 1
| #define HAVE_LIMITS_H 1
| #define HAVE_ERR_H 1
| #define HAVE_PATHS_H 1
| #define HAVE_UNISTD_H 1
| #define HAVE_STDIO_H 1
| #define HAVE_STDDEF_H 1
| #define HAVE_FCNTL_H 1
| #define HAVE_STDLIB_H 1
| #define HAVE_ASSERT_H 1
| #define HAVE_ERRNO_H 1
| #define HAVE_STDARG_H 1
| #define HAVE_STRING_H 1
| #define HAVE_NETDB_H 1
| /* end confdefs.h.  */
| 
|    #ifdef HAVE_LIMITS_H
|    #include <limits.h>
|    #endif
| 
| 
| #include <linux/netfilter_ipv4.h>
configure:5158: result: no
configure:5175: checking for an ANSI C-conforming const
configure:5250: gcc -c  -I/usr/local/include -pthread -D_POSIX_PTHREAD_SEMANTICS  conftest.c >&5
configure:5256: $? = 0
configure:5271: result: yes
configure:5281: checking for size_t
configure:5311: gcc -c  -I/usr/local/include -pthread -D_POSIX_PTHREAD_SEMANTICS  conftest.c >&5
configure:5317: $? = 0
configure:5332: result: yes
configure:5346: checking whether PTHREAD_MUTEX_ERRORCHECK_NP is declared
configure:5376: gcc -c  -I/usr/local/include -pthread -D_POSIX_PTHREAD_SEMANTICS  conftest.c >&5
configure:5382: $? = 0
configure:5397: result: yes
configure:5470: checking for struct tm.tm_gmtoff
configure:5499: gcc -c  -I/usr/local/include -pthread -D_POSIX_PTHREAD_SEMANTICS  conftest.c >&5
configure:5505: $? = 0
configure:5563: result: yes
configure:5577: checking for global variable __argv
configure:5604: gcc -o conftest  -I/usr/local/include -pthread -D_POSIX_PTHREAD_SEMANTICS   -L/usr/local/lib conftest.c -lnsl   >&5
conftest.c: In function 'main':
conftest.c:41:27: warning: incompatible implicit declaration of built-in function 'exit'
  extern long int __argv;  exit((int)__argv)
                           ^
/tmp/cc9C0d70.o: In function `main':
conftest.c:(.text+0x7): undefined reference to `__argv'
collect2: error: ld returned 1 exit status
configure:5610: $? = 1
configure: failed program was:
| /* confdefs.h.  */
| #define PACKAGE_NAME "clamsmtp"
| #define PACKAGE_TARNAME "clamsmtp"
| #define PACKAGE_VERSION "1.10"
| #define PACKAGE_STRING "clamsmtp 1.10"
| #define PACKAGE_BUGREPORT "stef@memberwebs.com"
| #define PACKAGE "clamsmtp"
| #define VERSION "1.10"
| #define HAVE_PTHREAD 1
| #define HAVE_LIBNSL 1
| #define STDC_HEADERS 1
| #define HAVE_SYS_TYPES_H 1
| #define HAVE_SYS_STAT_H 1
| #define HAVE_STDLIB_H 1
| #define HAVE_STRING_H 1
| #define HAVE_MEMORY_H 1
| #define HAVE_STRINGS_H 1
| #define HAVE_INTTYPES_H 1
| #define HAVE_STDINT_H 1
| #define HAVE_UNISTD_H 1
| #define HAVE_LIMITS_H 1
| #define HAVE_ERR_H 1
| #define HAVE_PATHS_H 1
| #define HAVE_UNISTD_H 1
| #define HAVE_STDIO_H 1
| #define HAVE_STDDEF_H 1
| #define HAVE_FCNTL_H 1
| #define HAVE_STDLIB_H 1
| #define HAVE_ASSERT_H 1
| #define HAVE_ERRNO_H 1
| #define HAVE_STDARG_H 1
| #define HAVE_STRING_H 1
| #define HAVE_NETDB_H 1
| #define HAVE_ERR_MUTEX 1
| #define HAVE_TM_GMTOFF 1
| /* end confdefs.h.  */
|     /* no includes */
| int
| main ()
| {
|  extern long int __argv;  exit((int)__argv)
|   ;
|   return 0;
| }
configure:5640: result: no
configure:5658: checking for memset
configure:5714: gcc -o conftest  -I/usr/local/include -pthread -D_POSIX_PTHREAD_SEMANTICS   -L/usr/local/lib conftest.c -lnsl   >&5
conftest.c:60:6: warning: conflicting types for built-in function 'memset'
 char memset ();
      ^
configure:5720: $? = 0
configure:5738: result: yes
configure:5658: checking for strerror
configure:5714: gcc -o conftest  -I/usr/local/include -pthread -D_POSIX_PTHREAD_SEMANTICS   -L/usr/local/lib conftest.c -lnsl   >&5
configure:5720: $? = 0
configure:5738: result: yes
configure:5658: checking for malloc
configure:5714: gcc -o conftest  -I/usr/local/include -pthread -D_POSIX_PTHREAD_SEMANTICS   -L/usr/local/lib conftest.c -lnsl   >&5
conftest.c:62:6: warning: conflicting types for built-in function 'malloc'
 char malloc ();
      ^
configure:5720: $? = 0
configure:5738: result: yes
configure:5658: checking for realloc
configure:5714: gcc -o conftest  -I/usr/local/include -pthread -D_POSIX_PTHREAD_SEMANTICS   -L/usr/local/lib conftest.c -lnsl   >&5
conftest.c:63:6: warning: conflicting types for built-in function 'realloc'
 char realloc ();
      ^
configure:5720: $? = 0
configure:5738: result: yes
configure:5658: checking for getopt
configure:5714: gcc -o conftest  -I/usr/local/include -pthread -D_POSIX_PTHREAD_SEMANTICS   -L/usr/local/lib conftest.c -lnsl   >&5
configure:5720: $? = 0
configure:5738: result: yes
configure:5658: checking for strchr
configure:5714: gcc -o conftest  -I/usr/local/include -pthread -D_POSIX_PTHREAD_SEMANTICS   -L/usr/local/lib conftest.c -lnsl   >&5
conftest.c:65:6: warning: conflicting types for built-in function 'strchr'
 char strchr ();
      ^
configure:5720: $? = 0
configure:5738: result: yes
configure:5658: checking for tolower
configure:5714: gcc -o conftest  -I/usr/local/include -pthread -D_POSIX_PTHREAD_SEMANTICS   -L/usr/local/lib conftest.c -lnsl   >&5
conftest.c:66:6: warning: conflicting types for built-in function 'tolower'
 char tolower ();
      ^
configure:5720: $? = 0
configure:5738: result: yes
configure:5658: checking for getaddrinfo
configure:5714: gcc -o conftest  -I/usr/local/include -pthread -D_POSIX_PTHREAD_SEMANTICS   -L/usr/local/lib conftest.c -lnsl   >&5
configure:5720: $? = 0
configure:5738: result: yes
configure:5761: checking for strlwr
configure:5817: gcc -o conftest  -I/usr/local/include -pthread -D_POSIX_PTHREAD_SEMANTICS   -L/usr/local/lib conftest.c -lnsl   >&5
/tmp/ccvKd65s.o: In function `main':
conftest.c:(.text+0xa): undefined reference to `strlwr'
collect2: error: ld returned 1 exit status
configure:5823: $? = 1
configure: failed program was:
| /* confdefs.h.  */
| #define PACKAGE_NAME "clamsmtp"
| #define PACKAGE_TARNAME "clamsmtp"
| #define PACKAGE_VERSION "1.10"
| #define PACKAGE_STRING "clamsmtp 1.10"
| #define PACKAGE_BUGREPORT "stef@memberwebs.com"
| #define PACKAGE "clamsmtp"
| #define VERSION "1.10"
| #define HAVE_PTHREAD 1
| #define HAVE_LIBNSL 1
| #define STDC_HEADERS 1
| #define HAVE_SYS_TYPES_H 1
| #define HAVE_SYS_STAT_H 1
| #define HAVE_STDLIB_H 1
| #define HAVE_STRING_H 1
| #define HAVE_MEMORY_H 1
| #define HAVE_STRINGS_H 1
| #define HAVE_INTTYPES_H 1
| #define HAVE_STDINT_H 1
| #define HAVE_UNISTD_H 1
| #define HAVE_LIMITS_H 1
| #define HAVE_ERR_H 1
| #define HAVE_PATHS_H 1
| #define HAVE_UNISTD_H 1
| #define HAVE_STDIO_H 1
| #define HAVE_STDDEF_H 1
| #define HAVE_FCNTL_H 1
| #define HAVE_STDLIB_H 1
| #define HAVE_ASSERT_H 1
| #define HAVE_ERRNO_H 1
| #define HAVE_STDARG_H 1
| #define HAVE_STRING_H 1
| #define HAVE_NETDB_H 1
| #define HAVE_ERR_MUTEX 1
| #define HAVE_TM_GMTOFF 1
| #define HAVE_MEMSET 1
| #define HAVE_STRERROR 1
| #define HAVE_MALLOC 1
| #define HAVE_REALLOC 1
| #define HAVE_GETOPT 1
| #define HAVE_STRCHR 1
| #define HAVE_TOLOWER 1
| #define HAVE_GETADDRINFO 1
| /* end confdefs.h.  */
| /* Define strlwr to an innocuous variant, in case <limits.h> declares strlwr.
|    For example, HP-UX 11i <limits.h> declares gettimeofday.  */
| #define strlwr innocuous_strlwr
| 
| /* System header to define __stub macros and hopefully few prototypes,
|     which can conflict with char strlwr (); below.
|     Prefer <limits.h> to <assert.h> if __STDC__ is defined, since
|     <limits.h> exists even on freestanding compilers.  */
| 
| #ifdef __STDC__
| # include <limits.h>
| #else
| # include <assert.h>
| #endif
| 
| #undef strlwr
| 
| /* Override any GCC internal prototype to avoid an error.
|    Use char because int might match the return type of a GCC
|    builtin and then its argument prototype would still apply.  */
| #ifdef __cplusplus
| extern "C"
| #endif
| char strlwr ();
| /* The GNU C library defines this for functions which it implements
|     to always fail with ENOSYS.  Some functions are actually named
|     something starting with __ and the normal name is an alias.  */
| #if defined __stub_strlwr || defined __stub___strlwr
| choke me
| #endif
| 
| int
| main ()
| {
| return strlwr ();
|   ;
|   return 0;
| }
configure:5841: result: no
configure:5761: checking for strlcat
configure:5817: gcc -o conftest  -I/usr/local/include -pthread -D_POSIX_PTHREAD_SEMANTICS   -L/usr/local/lib conftest.c -lnsl   >&5
/tmp/cc25ltru.o: In function `main':
conftest.c:(.text+0xa): undefined reference to `strlcat'
collect2: error: ld returned 1 exit status
configure:5823: $? = 1
configure: failed program was:
| /* confdefs.h.  */
| #define PACKAGE_NAME "clamsmtp"
| #define PACKAGE_TARNAME "clamsmtp"
| #define PACKAGE_VERSION "1.10"
| #define PACKAGE_STRING "clamsmtp 1.10"
| #define PACKAGE_BUGREPORT "stef@memberwebs.com"
| #define PACKAGE "clamsmtp"
| #define VERSION "1.10"
| #define HAVE_PTHREAD 1
| #define HAVE_LIBNSL 1
| #define STDC_HEADERS 1
| #define HAVE_SYS_TYPES_H 1
| #define HAVE_SYS_STAT_H 1
| #define HAVE_STDLIB_H 1
| #define HAVE_STRING_H 1
| #define HAVE_MEMORY_H 1
| #define HAVE_STRINGS_H 1
| #define HAVE_INTTYPES_H 1
| #define HAVE_STDINT_H 1
| #define HAVE_UNISTD_H 1
| #define HAVE_LIMITS_H 1
| #define HAVE_ERR_H 1
| #define HAVE_PATHS_H 1
| #define HAVE_UNISTD_H 1
| #define HAVE_STDIO_H 1
| #define HAVE_STDDEF_H 1
| #define HAVE_FCNTL_H 1
| #define HAVE_STDLIB_H 1
| #define HAVE_ASSERT_H 1
| #define HAVE_ERRNO_H 1
| #define HAVE_STDARG_H 1
| #define HAVE_STRING_H 1
| #define HAVE_NETDB_H 1
| #define HAVE_ERR_MUTEX 1
| #define HAVE_TM_GMTOFF 1
| #define HAVE_MEMSET 1
| #define HAVE_STRERROR 1
| #define HAVE_MALLOC 1
| #define HAVE_REALLOC 1
| #define HAVE_GETOPT 1
| #define HAVE_STRCHR 1
| #define HAVE_TOLOWER 1
| #define HAVE_GETADDRINFO 1
| /* end confdefs.h.  */
| /* Define strlcat to an innocuous variant, in case <limits.h> declares strlcat.
|    For example, HP-UX 11i <limits.h> declares gettimeofday.  */
| #define strlcat innocuous_strlcat
| 
| /* System header to define __stub macros and hopefully few prototypes,
|     which can conflict with char strlcat (); below.
|     Prefer <limits.h> to <assert.h> if __STDC__ is defined, since
|     <limits.h> exists even on freestanding compilers.  */
| 
| #ifdef __STDC__
| # include <limits.h>
| #else
| # include <assert.h>
| #endif
| 
| #undef strlcat
| 
| /* Override any GCC internal prototype to avoid an error.
|    Use char because int might match the return type of a GCC
|    builtin and then its argument prototype would still apply.  */
| #ifdef __cplusplus
| extern "C"
| #endif
| char strlcat ();
| /* The GNU C library defines this for functions which it implements
|     to always fail with ENOSYS.  Some functions are actually named
|     something starting with __ and the normal name is an alias.  */
| #if defined __stub_strlcat || defined __stub___strlcat
| choke me
| #endif
| 
| int
| main ()
| {
| return strlcat ();
|   ;
|   return 0;
| }
configure:5841: result: no
configure:5761: checking for strlcpy
configure:5817: gcc -o conftest  -I/usr/local/include -pthread -D_POSIX_PTHREAD_SEMANTICS   -L/usr/local/lib conftest.c -lnsl   >&5
/tmp/ccz4ZnMA.o: In function `main':
conftest.c:(.text+0xa): undefined reference to `strlcpy'
collect2: error: ld returned 1 exit status
configure:5823: $? = 1
configure: failed program was:
| /* confdefs.h.  */
| #define PACKAGE_NAME "clamsmtp"
| #define PACKAGE_TARNAME "clamsmtp"
| #define PACKAGE_VERSION "1.10"
| #define PACKAGE_STRING "clamsmtp 1.10"
| #define PACKAGE_BUGREPORT "stef@memberwebs.com"
| #define PACKAGE "clamsmtp"
| #define VERSION "1.10"
| #define HAVE_PTHREAD 1
| #define HAVE_LIBNSL 1
| #define STDC_HEADERS 1
| #define HAVE_SYS_TYPES_H 1
| #define HAVE_SYS_STAT_H 1
| #define HAVE_STDLIB_H 1
| #define HAVE_STRING_H 1
| #define HAVE_MEMORY_H 1
| #define HAVE_STRINGS_H 1
| #define HAVE_INTTYPES_H 1
| #define HAVE_STDINT_H 1
| #define HAVE_UNISTD_H 1
| #define HAVE_LIMITS_H 1
| #define HAVE_ERR_H 1
| #define HAVE_PATHS_H 1
| #define HAVE_UNISTD_H 1
| #define HAVE_STDIO_H 1
| #define HAVE_STDDEF_H 1
| #define HAVE_FCNTL_H 1
| #define HAVE_STDLIB_H 1
| #define HAVE_ASSERT_H 1
| #define HAVE_ERRNO_H 1
| #define HAVE_STDARG_H 1
| #define HAVE_STRING_H 1
| #define HAVE_NETDB_H 1
| #define HAVE_ERR_MUTEX 1
| #define HAVE_TM_GMTOFF 1
| #define HAVE_MEMSET 1
| #define HAVE_STRERROR 1
| #define HAVE_MALLOC 1
| #define HAVE_REALLOC 1
| #define HAVE_GETOPT 1
| #define HAVE_STRCHR 1
| #define HAVE_TOLOWER 1
| #define HAVE_GETADDRINFO 1
| /* end confdefs.h.  */
| /* Define strlcpy to an innocuous variant, in case <limits.h> declares strlcpy.
|    For example, HP-UX 11i <limits.h> declares gettimeofday.  */
| #define strlcpy innocuous_strlcpy
| 
| /* System header to define __stub macros and hopefully few prototypes,
|     which can conflict with char strlcpy (); below.
|     Prefer <limits.h> to <assert.h> if __STDC__ is defined, since
|     <limits.h> exists even on freestanding compilers.  */
| 
| #ifdef __STDC__
| # include <limits.h>
| #else
| # include <assert.h>
| #endif
| 
| #undef strlcpy
| 
| /* Override any GCC internal prototype to avoid an error.
|    Use char because int might match the return type of a GCC
|    builtin and then its argument prototype would still apply.  */
| #ifdef __cplusplus
| extern "C"
| #endif
| char strlcpy ();
| /* The GNU C library defines this for functions which it implements
|     to always fail with ENOSYS.  Some functions are actually named
|     something starting with __ and the normal name is an alias.  */
| #if defined __stub_strlcpy || defined __stub___strlcpy
| choke me
| #endif
| 
| int
| main ()
| {
| return strlcpy ();
|   ;
|   return 0;
| }
configure:5841: result: no
configure:5761: checking for strncat
configure:5817: gcc -o conftest  -I/usr/local/include -pthread -D_POSIX_PTHREAD_SEMANTICS   -L/usr/local/lib conftest.c -lnsl   >&5
conftest.c:68:6: warning: conflicting types for built-in function 'strncat'
 char strncat ();
      ^
configure:5823: $? = 0
configure:5841: result: yes
configure:5761: checking for strncpy
configure:5817: gcc -o conftest  -I/usr/local/include -pthread -D_POSIX_PTHREAD_SEMANTICS   -L/usr/local/lib conftest.c -lnsl   >&5
conftest.c:69:6: warning: conflicting types for built-in function 'strncpy'
 char strncpy ();
      ^
configure:5823: $? = 0
configure:5841: result: yes
configure:5761: checking for strcasestr
configure:5817: gcc -o conftest  -I/usr/local/include -pthread -D_POSIX_PTHREAD_SEMANTICS   -L/usr/local/lib conftest.c -lnsl   >&5
configure:5823: $? = 0
configure:5841: result: yes
configure:5761: checking for setenv
configure:5817: gcc -o conftest  -I/usr/local/include -pthread -D_POSIX_PTHREAD_SEMANTICS   -L/usr/local/lib conftest.c -lnsl   >&5
configure:5823: $? = 0
configure:5841: result: yes
configure:5761: checking for daemon
configure:5817: gcc -o conftest  -I/usr/local/include -pthread -D_POSIX_PTHREAD_SEMANTICS   -L/usr/local/lib conftest.c -lnsl   >&5
configure:5823: $? = 0
configure:5841: result: yes
configure:5857: checking for getline
configure:5913: gcc -o conftest  -I/usr/local/include -pthread -D_POSIX_PTHREAD_SEMANTICS   -L/usr/local/lib conftest.c -lnsl   >&5
configure:5919: $? = 0
configure:5937: result: yes
configure:5857: checking for getdelim
configure:5913: gcc -o conftest  -I/usr/local/include -pthread -D_POSIX_PTHREAD_SEMANTICS   -L/usr/local/lib conftest.c -lnsl   >&5
configure:5919: $? = 0
configure:5937: result: yes
configure:5857: checking for flockfile
configure:5913: gcc -o conftest  -I/usr/local/include -pthread -D_POSIX_PTHREAD_SEMANTICS   -L/usr/local/lib conftest.c -lnsl   >&5
configure:5919: $? = 0
configure:5937: result: yes
configure:6168: creating ./config.status

## ---------------------- ##
## Running config.status. ##
## ---------------------- ##

This file was extended by clamsmtp config.status 1.10, which was
generated by GNU Autoconf 2.61.  Invocation command line was

  CONFIG_FILES    = 
  CONFIG_HEADERS  = 
  CONFIG_LINKS    = 
  CONFIG_COMMANDS = 
  $ ./config.status 

on Kira

config.status:650: creating Makefile
config.status:650: creating src/Makefile
config.status:650: creating doc/Makefile
config.status:650: creating config.h
config.status:965: executing depfiles commands

## ---------------- ##
## Cache variables. ##
## ---------------- ##

ac_cv_build=x86_64-unknown-linux-gnu
ac_cv_c_compiler_gnu=yes
ac_cv_c_const=yes
ac_cv_env_CC_set=
ac_cv_env_CC_value=
ac_cv_env_CFLAGS_set=
ac_cv_env_CFLAGS_value=
ac_cv_env_CPPFLAGS_set=
ac_cv_env_CPPFLAGS_value=
ac_cv_env_CPP_set=
ac_cv_env_CPP_value=
ac_cv_env_LDFLAGS_set=
ac_cv_env_LDFLAGS_value=
ac_cv_env_LIBS_set=
ac_cv_env_LIBS_value=
ac_cv_env_build_alias_set=
ac_cv_env_build_alias_value=
ac_cv_env_host_alias_set=
ac_cv_env_host_alias_value=
ac_cv_env_target_alias_set=
ac_cv_env_target_alias_value=
ac_cv_func_daemon=yes
ac_cv_func_flockfile=yes
ac_cv_func_getaddrinfo=yes
ac_cv_func_getdelim=yes
ac_cv_func_getline=yes
ac_cv_func_getopt=yes
ac_cv_func_malloc=yes
ac_cv_func_memset=yes
ac_cv_func_realloc=yes
ac_cv_func_setenv=yes
ac_cv_func_strcasestr=yes
ac_cv_func_strchr=yes
ac_cv_func_strerror=yes
ac_cv_func_strlcat=no
ac_cv_func_strlcpy=no
ac_cv_func_strlwr=no
ac_cv_func_strncat=yes
ac_cv_func_strncpy=yes
ac_cv_func_tolower=yes
ac_cv_global___argv=no
ac_cv_have_decl_PTHREAD_MUTEX_ERRORCHECK_NP=yes
ac_cv_header_assert_h=yes
ac_cv_header_err_h=yes
ac_cv_header_errno_h=yes
ac_cv_header_fcntl_h=yes
ac_cv_header_inttypes_h=yes
ac_cv_header_limits_h=yes
ac_cv_header_linux_netfilter_ipv4_h=no
ac_cv_header_memory_h=yes
ac_cv_header_netdb_h=yes
ac_cv_header_paths_h=yes
ac_cv_header_stdarg_h=yes
ac_cv_header_stdc=yes
ac_cv_header_stddef_h=yes
ac_cv_header_stdint_h=yes
ac_cv_header_stdio_h=yes
ac_cv_header_stdlib_h=yes
ac_cv_header_string_h=yes
ac_cv_header_strings_h=yes
ac_cv_header_sys_stat_h=yes
ac_cv_header_sys_types_h=yes
ac_cv_header_unistd_h=yes
ac_cv_host=x86_64-unknown-linux-gnu
ac_cv_lib_nsl_getaddrinfo=yes
ac_cv_lib_socket_getsockname=no
ac_cv_member_struct_tm_tm_gmtoff=yes
ac_cv_objext=o
ac_cv_path_EGREP='/bin/grep -E'
ac_cv_path_GREP=/bin/grep
ac_cv_path_install='/usr/bin/install -c'
ac_cv_path_mkdir=/bin/mkdir
ac_cv_prog_AWK=gawk
ac_cv_prog_CPP='gcc -E'
ac_cv_prog_PTHREAD_CC=gcc
ac_cv_prog_ac_ct_CC=gcc
ac_cv_prog_cc_c89=
ac_cv_prog_cc_g=yes
ac_cv_prog_make_make_set=yes
ac_cv_type_size_t=yes
am_cv_CC_dependencies_compiler_type=gcc3

## ----------------- ##
## Output variables. ##
## ----------------- ##

ACLOCAL='${SHELL} /home/aure/freet/tls/clamsmtp-1.10/missing --run aclocal-1.10'
AMDEPBACKSLASH='\'
AMDEP_FALSE='#'
AMDEP_TRUE=''
AMTAR='${SHELL} /home/aure/freet/tls/clamsmtp-1.10/missing --run tar'
AUTOCONF='${SHELL} /home/aure/freet/tls/clamsmtp-1.10/missing --run autoconf'
AUTOHEADER='${SHELL} /home/aure/freet/tls/clamsmtp-1.10/missing --run autoheader'
AUTOMAKE='${SHELL} /home/aure/freet/tls/clamsmtp-1.10/missing --run automake-1.10'
AWK='gawk'
CC='gcc'
CCDEPMODE='depmode=gcc3'
CFLAGS=' -I/usr/local/include -pthread -D_POSIX_PTHREAD_SEMANTICS'
CPP='gcc -E'
CPPFLAGS=''
CYGPATH_W='echo'
DEFS='-DHAVE_CONFIG_H'
DEPDIR='.deps'
ECHO_C=''
ECHO_N='-n'
ECHO_T=''
EGREP='/bin/grep -E'
EXEEXT=''
GREP='/bin/grep'
INSTALL_DATA='${INSTALL} -m 644'
INSTALL_PROGRAM='${INSTALL}'
INSTALL_SCRIPT='${INSTALL}'
INSTALL_STRIP_PROGRAM='$(install_sh) -c -s'
LDFLAGS=' -L/usr/local/lib'
LIBOBJS=''
LIBS='-lnsl  '
LN_S='ln -s'
LTLIBOBJS=''
MAKEINFO='${SHELL} /home/aure/freet/tls/clamsmtp-1.10/missing --run makeinfo'
OBJEXT='o'
PACKAGE='clamsmtp'
PACKAGE_BUGREPORT='stef@memberwebs.com'
PACKAGE_NAME='clamsmtp'
PACKAGE_STRING='clamsmtp 1.10'
PACKAGE_TARNAME='clamsmtp'
PACKAGE_VERSION='1.10'
PATH_SEPARATOR=':'
PTHREAD_CC='gcc'
PTHREAD_CFLAGS='-pthread'
PTHREAD_LIBS=''
SET_MAKE=''
SHELL='/bin/bash'
STRIP=''
VERSION='1.10'
ac_ct_CC='gcc'
acx_pthread_config=''
am__fastdepCC_FALSE='#'
am__fastdepCC_TRUE=''
am__include='include'
am__isrc=''
am__leading_dot='.'
am__quote=''
am__tar='${AMTAR} chof - "$$tardir"'
am__untar='${AMTAR} xf -'
bindir='${exec_prefix}/bin'
build='x86_64-unknown-linux-gnu'
build_alias=''
build_cpu='x86_64'
build_os='linux-gnu'
build_vendor='unknown'
datadir='${datarootdir}'
datarootdir='${prefix}/share'
docdir='${datarootdir}/doc/${PACKAGE_TARNAME}'
dvidir='${docdir}'
exec_prefix='${prefix}'
host='x86_64-unknown-linux-gnu'
host_alias=''
host_cpu='x86_64'
host_os='linux-gnu'
host_vendor='unknown'
htmldir='${docdir}'
includedir='${prefix}/include'
infodir='${datarootdir}/info'
install_sh='$(SHELL) /home/aure/freet/tls/clamsmtp-1.10/install-sh'
libdir='${exec_prefix}/lib'
libexecdir='${exec_prefix}/libexec'
localedir='${datarootdir}/locale'
localstatedir='${prefix}/var'
mandir='${datarootdir}/man'
mkdir_p='/bin/mkdir -p'
oldincludedir='/usr/include'
pdfdir='${docdir}'
prefix='/usr/local'
program_transform_name='s,x,x,'
psdir='${docdir}'
sbindir='${exec_prefix}/sbin'
sharedstatedir='${prefix}/com'
sysconfdir='${prefix}/etc'
target_alias=''

## ----------- ##
## confdefs.h. ##
## ----------- ##

#define PACKAGE_NAME "clamsmtp"
#define PACKAGE_TARNAME "clamsmtp"
#define PACKAGE_VERSION "1.10"
#define PACKAGE_STRING "clamsmtp 1.10"
#define PACKAGE_BUGREPORT "stef@memberwebs.com"
#define PACKAGE "clamsmtp"
#define VERSION "1.10"
#define HAVE_PTHREAD 1
#define HAVE_LIBNSL 1
#define STDC_HEADERS 1
#define HAVE_SYS_TYPES_H 1
#define HAVE_SYS_STAT_H 1
#define HAVE_STDLIB_H 1
#define HAVE_STRING_H 1
#define HAVE_MEMORY_H 1
#define HAVE_STRINGS_H 1
#define HAVE_INTTYPES_H 1
#define HAVE_STDINT_H 1
#define HAVE_UNISTD_H 1
#define HAVE_LIMITS_H 1
#define HAVE_ERR_H 1
#define HAVE_PATHS_H 1
#define HAVE_UNISTD_H 1
#define HAVE_STDIO_H 1
#define HAVE_STDDEF_H 1
#define HAVE_FCNTL_H 1
#define HAVE_STDLIB_H 1
#define HAVE_ASSERT_H 1
#define HAVE_ERRNO_H 1
#define HAVE_STDARG_H 1
#define HAVE_STRING_H 1
#define HAVE_NETDB_H 1
#define HAVE_ERR_MUTEX 1
#define HAVE_TM_GMTOFF 1
#define HAVE_MEMSET 1
#define HAVE_STRERROR 1
#define HAVE_MALLOC 1
#define HAVE_REALLOC 1
#define HAVE_GETOPT 1
#define HAVE_STRCHR 1
#define HAVE_TOLOWER 1
#define HAVE_GETADDRINFO 1
#define HAVE_STRNCAT 1
#define HAVE_STRNCPY 1
#define HAVE_STRCASESTR 1
#define HAVE_SETENV 1
#define HAVE_DAEMON 1
#define HAVE_GETLINE 1
#define HAVE_GETDELIM 1
#define HAVE_FLOCKFILE 1
#define CONF_PREFIX "/usr/local/etc"

configure: exit 0
